AppProgrammingSource/2.2.1/YoungHeart/androidLib/build/intermediates/manifest_merge_blame_file/debug/manifest-merger-blame-debug-report.txt
1<?xml version="1.0" encoding="utf-8"?>
2<manifest xmlns:android="http://schemas.android.com/apk/res/android"
3    package="com.example.androidlib"
4    android:versionCode="1"
5    android:versionName="1.0" >
6
7    <uses-sdk
7-->src/main/AndroidManifest.xml:6:5-8:41
8        android:minSdkVersion="8"
8-->src/main/AndroidManifest.xml:7:9-34
9        android:targetSdkVersion="17" />
9-->src/main/AndroidManifest.xml:8:9-38
10
11    <application
11-->src/main/AndroidManifest.xml:10:5-15:19
12        android:allowBackup="true"
12-->src/main/AndroidManifest.xml:11:9-35
13        android:icon="@drawable/ic_launcher"
13-->src/main/AndroidManifest.xml:12:9-45
14        android:label="@string/app_name"
14-->src/main/AndroidManifest.xml:13:9-41
15        android:theme="@style/AppTheme" >
15-->src/main/AndroidManifest.xml:14:9-40
16    </application>
17
18</manifest>